<?xml version="1.0" encoding="UTF-8"?>
<!-- Generated by org.testng.reporters.JUnitReportReporter -->
<testsuite hostname="LTIN280166" failures="0" tests="3" name="TestCases.TC002_LanguageAndLevels" time="13.374" errors="0" timestamp="2024-03-09T13:37:49 IST" skipped="0">
  <testcase classname="TestCases.TC002_LanguageAndLevels" name="Languagecount" time="7.989"/>
  <system-out/>
  <testcase classname="TestCases.TC002_LanguageAndLevels" name="ClickOnApply" time="1.906"/>
  <system-out/>
  <testcase classname="TestCases.TC002_LanguageAndLevels" name="Levels" time="3.479"/>
  <system-out/>
</testsuite> <!-- TestCases.TC002_LanguageAndLevels -->
