<?xml version="1.0" encoding="UTF-8"?>
<!-- Generated by org.testng.reporters.JUnitReportReporter -->
<testsuite hostname="LTIN280166" failures="0" tests="4" name="TestCases.TC001_SearchwebDev" time="28.720" errors="0" timestamp="2024-03-09T13:37:49 IST" skipped="0">
  <testcase classname="TestCases.TC001_SearchwebDev" name="search_course" time="8.182"/>
  <system-out/>
  <testcase classname="TestCases.TC001_SearchwebDev" name="SelectLanguageFilter" time="2.783"/>
  <system-out/>
  <testcase classname="TestCases.TC001_SearchwebDev" name="SelectLevelFilter" time="0.665"/>
  <system-out/>
  <testcase classname="TestCases.TC001_SearchwebDev" name="course_list" time="17.090"/>
  <system-out/>
</testsuite> <!-- TestCases.TC001_SearchwebDev -->
