<?xml version="1.0" encoding="UTF-8"?>
<!-- Generated by org.testng.reporters.JUnitReportReporter -->
<testsuite hostname="LTIN280166" failures="0" tests="7" name="TestCases.TC003_Form" time="34.451" errors="0" timestamp="2024-03-09T13:37:49 IST" skipped="0">
  <testcase classname="TestCases.TC003_Form" name="HomePage" time="6.489"/>
  <system-out/>
  <testcase classname="TestCases.TC003_Form" name="ForEnterprise" time="14.542"/>
  <system-out/>
  <testcase classname="TestCases.TC003_Form" name="Solutions" time="1.371"/>
  <system-out/>
  <testcase classname="TestCases.TC003_Form" name="ForCampus" time="6.422"/>
  <system-out/>
  <testcase classname="TestCases.TC003_Form" name="Form" time="5.361"/>
  <system-out/>
  <testcase classname="TestCases.TC003_Form" name="FormSubmit" time="0.113"/>
  <system-out/>
  <testcase classname="TestCases.TC003_Form" name="CaptureError" time="0.153"/>
  <system-out/>
</testsuite> <!-- TestCases.TC003_Form -->
