<?xml version="1.0" encoding="UTF-8"?>
<!-- Generated by org.testng.reporters.JUnitReportReporter -->
<testsuite hostname="LTIN280166" failures="0" tests="7" name="TestCases.TC003_Form" time="65.498" errors="0" timestamp="2024-03-04T15:50:16 IST" skipped="0">
  <testcase classname="TestCases.TC003_Form" name="HomePage" time="17.418"/>
  <testcase classname="TestCases.TC003_Form" name="ForEnterprise" time="30.029"/>
  <testcase classname="TestCases.TC003_Form" name="Solutions" time="1.261"/>
  <testcase classname="TestCases.TC003_Form" name="ForCampus" time="13.123"/>
  <testcase classname="TestCases.TC003_Form" name="Form" time="3.422"/>
  <testcase classname="TestCases.TC003_Form" name="FormSubmit" time="0.131"/>
  <testcase classname="TestCases.TC003_Form" name="CaptureError" time="0.114"/>
</testsuite> <!-- TestCases.TC003_Form -->
