<?xml version="1.0" encoding="UTF-8"?>
<!-- Generated by org.testng.reporters.JUnitReportReporter -->
<testsuite hostname="LTIN280166" failures="0" tests="4" name="TestCases.TC001_SearchwebDev" time="97.565" errors="0" timestamp="2024-03-04T15:50:16 IST" skipped="0">
  <testcase classname="TestCases.TC001_SearchwebDev" name="search_course" time="14.926"/>
  <testcase classname="TestCases.TC001_SearchwebDev" name="SelectLanguageFilter" time="2.008"/>
  <testcase classname="TestCases.TC001_SearchwebDev" name="SelectLevelFilter" time="0.279"/>
  <testcase classname="TestCases.TC001_SearchwebDev" name="course_list" time="80.352"/>
</testsuite> <!-- TestCases.TC001_SearchwebDev -->
